0 info it worked if it ends with ok
1 verbose cli [ 'node',
1 verbose cli   '/usr/local/bin/npm',
1 verbose cli   'install',
1 verbose cli   'cordova',
1 verbose cli   'plugin',
1 verbose cli   'add',
1 verbose cli   'https://github.com/katzer/cordova-plugin-email-composer.git@0.8.2' ]
2 info using npm@2.3.0
3 info using node@v0.12.0
4 warn package.json myapp@1.0.0 No repository field.
5 silly cache add args [ 'cordova', null ]
6 verbose cache add spec cordova
7 silly cache add args [ 'plugin', null ]
8 verbose cache add spec plugin
9 silly cache add args [ 'add', null ]
10 verbose cache add spec add
11 silly cache add args [ 'https://github.com/katzer/cordova-plugin-email-composer.git@0.8.2',
11 silly cache add   null ]
12 verbose cache add spec https://github.com/katzer/cordova-plugin-email-composer.git@0.8.2
13 silly cache add parsed spec { raw: 'cordova',
13 silly cache add   scope: null,
13 silly cache add   name: 'cordova',
13 silly cache add   rawSpec: '',
13 silly cache add   spec: '*',
13 silly cache add   type: 'range' }
14 verbose addNamed cordova@*
15 silly addNamed semver.valid null
16 silly addNamed semver.validRange *
17 silly addNameRange { name: 'cordova', range: '*', hasData: false }
18 silly mapToRegistry name cordova
19 silly mapToRegistry using default registry
20 silly mapToRegistry registry https://registry.npmjs.org/
21 silly mapToRegistry uri https://registry.npmjs.org/cordova
22 verbose addNameRange registry:https://registry.npmjs.org/cordova not in flight; fetching
23 silly cache add parsed spec { raw: 'plugin',
23 silly cache add   scope: null,
23 silly cache add   name: 'plugin',
23 silly cache add   rawSpec: '',
23 silly cache add   spec: '*',
23 silly cache add   type: 'range' }
24 verbose addNamed plugin@*
25 silly addNamed semver.valid null
26 silly addNamed semver.validRange *
27 silly addNameRange { name: 'plugin', range: '*', hasData: false }
28 silly mapToRegistry name plugin
29 silly mapToRegistry using default registry
30 silly mapToRegistry registry https://registry.npmjs.org/
31 silly mapToRegistry uri https://registry.npmjs.org/plugin
32 verbose addNameRange registry:https://registry.npmjs.org/plugin not in flight; fetching
33 silly cache add parsed spec { raw: 'add',
33 silly cache add   scope: null,
33 silly cache add   name: 'add',
33 silly cache add   rawSpec: '',
33 silly cache add   spec: '*',
33 silly cache add   type: 'range' }
34 verbose addNamed add@*
35 silly addNamed semver.valid null
36 silly addNamed semver.validRange *
37 silly addNameRange { name: 'add', range: '*', hasData: false }
38 silly mapToRegistry name add
39 silly mapToRegistry using default registry
40 silly mapToRegistry registry https://registry.npmjs.org/
41 silly mapToRegistry uri https://registry.npmjs.org/add
42 verbose addNameRange registry:https://registry.npmjs.org/add not in flight; fetching
43 silly cache add parsed spec { raw: 'https://github.com/katzer/cordova-plugin-email-composer.git@0.8.2',
43 silly cache add   scope: null,
43 silly cache add   name: null,
43 silly cache add   rawSpec: 'https://github.com/katzer/cordova-plugin-email-composer.git@0.8.2',
43 silly cache add   spec: 'https://github.com/katzer/cordova-plugin-email-composer.git@0.8.2',
43 silly cache add   type: 'remote' }
44 silly mapToRegistry name https://github.com/katzer/cordova-plugin-email-composer.git@0.8.2
45 silly mapToRegistry using default registry
46 silly mapToRegistry registry https://registry.npmjs.org/
47 silly mapToRegistry uri https://github.com/katzer/cordova-plugin-email-composer.git@0.8.2
48 verbose addRemoteTarball https://github.com/katzer/cordova-plugin-email-composer.git@0.8.2 not in flight; adding
49 verbose addRemoteTarball [ 'https://github.com/katzer/cordova-plugin-email-composer.git@0.8.2',
49 verbose addRemoteTarball   null ]
50 verbose request uri https://registry.npmjs.org/plugin
51 verbose request no auth needed
52 info attempt registry request try #1 at 7:06:26 PM
53 verbose request id b949ab316a1fb5de
54 http request GET https://registry.npmjs.org/plugin
55 verbose request uri https://registry.npmjs.org/add
56 verbose request no auth needed
57 info attempt registry request try #1 at 7:06:26 PM
58 http request GET https://registry.npmjs.org/add
59 info retry fetch attempt 1 at 7:06:26 PM
60 info attempt registry request try #1 at 7:06:26 PM
61 http fetch GET https://github.com/katzer/cordova-plugin-email-composer.git@0.8.2
62 verbose request uri https://registry.npmjs.org/cordova
63 verbose request no auth needed
64 info attempt registry request try #1 at 7:06:27 PM
65 verbose etag "2JV0LM96UDGG7I66IAOGQ81MH"
66 http request GET https://registry.npmjs.org/cordova
67 http fetch 404 https://github.com/katzer/cordova-plugin-email-composer.git@0.8.2
68 error fetch failed https://github.com/katzer/cordova-plugin-email-composer.git@0.8.2
69 warn retry will retry, error on last attempt: Error: fetch failed with status code 404
70 http 200 https://registry.npmjs.org/add
71 silly get cb [ 200,
71 silly get   { date: 'Mon, 30 Mar 2015 05:06:25 GMT',
71 silly get     server: 'CouchDB/1.5.0 (Erlang OTP/R16B03)',
71 silly get     etag: '"6L0ATKRK62R1BGT51Z77BI172"',
71 silly get     'content-type': 'application/json',
71 silly get     'cache-control': 'max-age=60',
71 silly get     'content-length': '10822',
71 silly get     'accept-ranges': 'bytes',
71 silly get     via: '1.1 varnish',
71 silly get     age: '0',
71 silly get     'x-served-by': 'cache-dfw1833-DFW',
71 silly get     'x-cache': 'MISS',
71 silly get     'x-cache-hits': '0',
71 silly get     'x-timer': 'S1427691985.779889,VS0,VE190',
71 silly get     vary: 'Accept',
71 silly get     'keep-alive': 'timeout=10, max=50',
71 silly get     connection: 'Keep-Alive' } ]
72 silly addNameRange number 2 { name: 'add', range: '*', hasData: true }
73 silly addNameRange versions [ 'add',
73 silly addNameRange   [ '1.0.0', '2.0.0', '2.0.1', '2.0.2', '2.0.4', '2.0.5', '2.0.6' ] ]
74 verbose addNamed add@2.0.6
75 silly addNamed semver.valid 2.0.6
76 silly addNamed semver.validRange 2.0.6
77 silly mapToRegistry name add
78 silly mapToRegistry using default registry
79 silly mapToRegistry registry https://registry.npmjs.org/
80 silly mapToRegistry uri https://registry.npmjs.org/add
81 verbose addRemoteTarball https://registry.npmjs.org/add/-/add-2.0.6.tgz not in flight; adding
82 verbose addRemoteTarball [ 'https://registry.npmjs.org/add/-/add-2.0.6.tgz',
82 verbose addRemoteTarball   '248f0a9f6e5a528ef2295dbeec30532130ae2235' ]
83 info retry fetch attempt 1 at 7:06:27 PM
84 info attempt registry request try #1 at 7:06:27 PM
85 http fetch GET https://registry.npmjs.org/add/-/add-2.0.6.tgz
86 http 200 https://registry.npmjs.org/plugin
87 silly get cb [ 200,
87 silly get   { date: 'Mon, 30 Mar 2015 05:06:26 GMT',
87 silly get     server: 'CouchDB/1.5.0 (Erlang OTP/R16B03)',
87 silly get     etag: '"EQ9PQM7A0898DIXH69FBJUABO"',
87 silly get     'content-type': 'application/json',
87 silly get     'cache-control': 'max-age=60',
87 silly get     'content-length': '15974',
87 silly get     'accept-ranges': 'bytes',
87 silly get     via: '1.1 varnish',
87 silly get     age: '0',
87 silly get     'x-served-by': 'cache-dfw1832-DFW',
87 silly get     'x-cache': 'MISS',
87 silly get     'x-cache-hits': '0',
87 silly get     'x-timer': 'S1427691985.821330,VS0,VE224',
87 silly get     vary: 'Accept',
87 silly get     'keep-alive': 'timeout=10, max=50',
87 silly get     connection: 'Keep-Alive' } ]
88 silly addNameRange number 2 { name: 'plugin', range: '*', hasData: true }
89 silly addNameRange versions [ 'plugin',
89 silly addNameRange   [ '0.0.13',
89 silly addNameRange     '0.0.14',
89 silly addNameRange     '0.0.15',
89 silly addNameRange     '0.1.0',
89 silly addNameRange     '0.2.0',
89 silly addNameRange     '0.2.1',
89 silly addNameRange     '0.2.2',
89 silly addNameRange     '0.2.3',
89 silly addNameRange     '0.2.4',
89 silly addNameRange     '0.2.5',
89 silly addNameRange     '0.2.6',
89 silly addNameRange     '0.2.7',
89 silly addNameRange     '0.3.0',
89 silly addNameRange     '0.3.1',
89 silly addNameRange     '0.3.2',
89 silly addNameRange     '0.3.3' ] ]
90 verbose addNamed plugin@0.3.3
91 silly addNamed semver.valid 0.3.3
92 silly addNamed semver.validRange 0.3.3
93 silly mapToRegistry name plugin
94 silly mapToRegistry using default registry
95 silly mapToRegistry registry https://registry.npmjs.org/
96 silly mapToRegistry uri https://registry.npmjs.org/plugin
97 verbose addRemoteTarball https://registry.npmjs.org/plugin/-/plugin-0.3.3.tgz not in flight; adding
98 verbose addRemoteTarball [ 'https://registry.npmjs.org/plugin/-/plugin-0.3.3.tgz',
98 verbose addRemoteTarball   '09140a624f1754db3a833611a988ca6e474eeee1' ]
99 info retry fetch attempt 1 at 7:06:27 PM
100 info attempt registry request try #1 at 7:06:27 PM
101 http fetch GET https://registry.npmjs.org/plugin/-/plugin-0.3.3.tgz
102 http fetch 200 https://registry.npmjs.org/add/-/add-2.0.6.tgz
103 silly fetchAndShaCheck shasum 248f0a9f6e5a528ef2295dbeec30532130ae2235
104 verbose addTmpTarball /var/folders/83/0zkg5bn56mb1kw5w1cmvvsbr0000gn/T/npm-14477-4290877d/registry.npmjs.org/add/-/add-2.0.6.tgz not in flight; adding
105 verbose addTmpTarball already have metadata; skipping unpack for add@2.0.6
106 http fetch 200 https://registry.npmjs.org/plugin/-/plugin-0.3.3.tgz
107 silly fetchAndShaCheck shasum 09140a624f1754db3a833611a988ca6e474eeee1
108 silly cache afterAdd add@2.0.6
109 verbose afterAdd /Users/eunjoolee/.npm/add/2.0.6/package/package.json not in flight; writing
110 verbose afterAdd /Users/eunjoolee/.npm/add/2.0.6/package/package.json written
111 verbose addTmpTarball /var/folders/83/0zkg5bn56mb1kw5w1cmvvsbr0000gn/T/npm-14477-4290877d/registry.npmjs.org/plugin/-/plugin-0.3.3.tgz not in flight; adding
112 verbose addTmpTarball already have metadata; skipping unpack for plugin@0.3.3
113 silly cache afterAdd plugin@0.3.3
114 verbose afterAdd /Users/eunjoolee/.npm/plugin/0.3.3/package/package.json not in flight; writing
115 verbose afterAdd /Users/eunjoolee/.npm/plugin/0.3.3/package/package.json written
116 http 200 https://registry.npmjs.org/cordova
117 silly get cb [ 200,
117 silly get   { date: 'Mon, 30 Mar 2015 05:06:25 GMT',
117 silly get     server: 'CouchDB/1.5.0 (Erlang OTP/R16B03)',
117 silly get     etag: '"25WJAE9G17KZZEQCO6QFB2DO6"',
117 silly get     'content-type': 'application/json',
117 silly get     'cache-control': 'max-age=60',
117 silly get     'content-length': '340505',
117 silly get     'accept-ranges': 'bytes',
117 silly get     via: '1.1 varnish',
117 silly get     age: '0',
117 silly get     'x-served-by': 'cache-dfw1830-DFW',
117 silly get     'x-cache': 'HIT',
117 silly get     'x-cache-hits': '1',
117 silly get     'x-timer': 'S1427691985.778480,VS0,VE65',
117 silly get     vary: 'Accept',
117 silly get     'keep-alive': 'timeout=10, max=50',
117 silly get     connection: 'Keep-Alive' } ]
118 silly addNameRange number 2 { name: 'cordova', range: '*', hasData: true }
119 silly addNameRange versions [ 'cordova',
119 silly addNameRange   [ '0.0.1',
119 silly addNameRange     '0.0.2',
119 silly addNameRange     '0.0.3',
119 silly addNameRange     '0.0.4',
119 silly addNameRange     '0.0.5',
119 silly addNameRange     '0.0.6',
119 silly addNameRange     '0.0.7',
119 silly addNameRange     '0.0.8',
119 silly addNameRange     '0.0.9',
119 silly addNameRange     '0.1.0',
119 silly addNameRange     '0.1.1',
119 silly addNameRange     '0.1.2',
119 silly addNameRange     '0.1.3',
119 silly addNameRange     '0.1.4',
119 silly addNameRange     '0.1.5',
119 silly addNameRange     '0.1.6',
119 silly addNameRange     '0.1.7',
119 silly addNameRange     '0.1.8',
119 silly addNameRange     '0.1.9',
119 silly addNameRange     '0.1.10',
119 silly addNameRange     '0.1.11',
119 silly addNameRange     '0.1.12',
119 silly addNameRange     '0.1.13',
119 silly addNameRange     '0.1.14',
119 silly addNameRange     '2.2.0',
119 silly addNameRange     '2.3.0',
119 silly addNameRange     '2.3.1',
119 silly addNameRange     '2.3.2',
119 silly addNameRange     '2.3.3',
119 silly addNameRange     '2.3.5',
119 silly addNameRange     '2.3.6',
119 silly addNameRange     '2.4.0',
119 silly addNameRange     '2.4.1',
119 silly addNameRange     '2.4.2',
119 silly addNameRange     '2.4.3',
119 silly addNameRange     '2.4.4',
119 silly addNameRange     '2.4.5',
119 silly addNameRange     '2.4.6',
119 silly addNameRange     '2.4.7',
119 silly addNameRange     '2.4.8',
119 silly addNameRange     '2.4.9',
119 silly addNameRange     '2.4.10',
119 silly addNameRange     '2.5.0',
119 silly addNameRange     '2.5.2',
119 silly addNameRange     '2.5.3',
119 silly addNameRange     '2.5.4',
119 silly addNameRange     '2.5.5',
119 silly addNameRange     '2.6.0',
119 silly addNameRange     '2.6.1',
119 silly addNameRange     '2.6.2',
119 silly addNameRange     '2.7.0-rc.1',
119 silly addNameRange     '2.7.1-rc.1',
119 silly addNameRange     '2.7.2',
119 silly addNameRange     '2.7.3',
119 silly addNameRange     '2.7.4',
119 silly addNameRange     '2.8.0',
119 silly addNameRange     '2.8.1',
119 silly addNameRange     '2.8.2',
119 silly addNameRange     '2.8.3',
119 silly addNameRange     '2.8.4',
119 silly addNameRange     '2.8.5',
119 silly addNameRange     '2.8.6',
119 silly addNameRange     '2.8.7',
119 silly addNameRange     '2.8.8',
119 silly addNameRange     '2.8.9',
119 silly addNameRange     '2.8.10',
119 silly addNameRange     '2.8.11',
119 silly addNameRange     '2.8.12',
119 silly addNameRange     '2.8.13',
119 silly addNameRange     '2.8.14',
119 silly addNameRange     '2.8.15',
119 silly addNameRange     '2.8.16',
119 silly addNameRange     '2.8.17',
119 silly addNameRange     '2.8.18',
119 silly addNameRange     '2.8.19',
119 silly addNameRange     '2.8.20',
119 silly addNameRange     '2.8.21',
119 silly addNameRange     '2.8.22',
119 silly addNameRange     '2.8.23',
119 silly addNameRange     '2.8.24',
119 silly addNameRange     '2.8.25',
119 silly addNameRange     '2.9.0',
119 silly addNameRange     '2.9.1',
119 silly addNameRange     '2.9.2',
119 silly addNameRange     '2.9.3',
119 silly addNameRange     '2.9.4',
119 silly addNameRange     '2.9.5',
119 silly addNameRange     '2.9.6',
119 silly addNameRange     '2.9.7',
119 silly addNameRange     '3.0.0-rc1',
119 silly addNameRange     '3.0.0-rc1-1',
119 silly addNameRange     '3.0.0-rc1-3',
119 silly addNameRange     '3.0.0',
119 silly addNameRange     '3.0.1',
119 silly addNameRange     '3.0.2',
119 silly addNameRange     '3.0.3',
119 silly addNameRange     '3.0.4',
119 silly addNameRange     '3.0.5',
119 silly addNameRange     '3.0.6',
119 silly addNameRange     '3.0.7',
119 silly addNameRange     '3.0.8',
119 silly addNameRange     '3.0.9',
119 silly addNameRange     '3.0.10',
119 silly addNameRange     '3.1.0-0.1.0',
119 silly addNameRange     '3.1.0-0.2.0',
119 silly addNameRange     '3.2.0-rc.1',
119 silly addNameRange     '3.2.0-0.1.0',
119 silly addNameRange     '3.2.0-0.2.0',
119 silly addNameRange     '3.2.0-0.3.0',
119 silly addNameRange     '3.2.0-0.4.0',
119 silly addNameRange     '3.3.0-rc.1',
119 silly addNameRange     '3.3.0-0.1.1',
119 silly addNameRange     '3.3.1-0.1.2',
119 silly addNameRange     '2.9.0-rc1',
119 silly addNameRange     '3.3.1-0.3.0',
119 silly addNameRange     '3.3.1-0.3.1',
119 silly addNameRange     '3.3.1-0.4.1',
119 silly addNameRange     '3.3.1-0.4.2',
119 silly addNameRange     '3.4.0-0.1.0',
119 silly addNameRange     '3.4.0-0.1.1',
119 silly addNameRange     '3.4.0-0.1.2',
119 silly addNameRange     '3.4.0-0.1.3',
119 silly addNameRange     '0.0.0-fake',
119 silly addNameRange     '3.4.1-0.1.0',
119 silly addNameRange     '3.5.0-0.2.0',
119 silly addNameRange     '3.5.0-0.2.1',
119 silly addNameRange     '3.5.0-0.2.2',
119 silly addNameRange     '3.5.0-0.2.3',
119 silly addNameRange     '3.5.0-0.2.4',
119 silly addNameRange     '3.5.0-0.2.6',
119 silly addNameRange     '3.5.0-0.2.7',
119 silly addNameRange     '3.6.0-0.2.8',
119 silly addNameRange     '3.6.0-0.2.9',
119 silly addNameRange     '3.6.1-0.2.10',
119 silly addNameRange     '3.6.3-0.2.11',
119 silly addNameRange     '3.6.3-0.2.12',
119 silly addNameRange     '3.6.3-0.2.13',
119 silly addNameRange     '4.0.0',
119 silly addNameRange     '4.0.1',
119 silly addNameRange     '4.1.0',
119 silly addNameRange     '4.1.1',
119 silly addNameRange     '4.1.2',
119 silly addNameRange     '4.1.3-nightly.2014.10.21',
119 silly addNameRange     '4.2.0',
119 silly addNameRange     '4.3.0' ] ]
120 verbose addNamed cordova@4.3.0
121 silly addNamed semver.valid 4.3.0
122 silly addNamed semver.validRange 4.3.0
123 silly cache afterAdd cordova@4.3.0
124 verbose afterAdd /Users/eunjoolee/.npm/cordova/4.3.0/package/package.json not in flight; writing
125 verbose afterAdd /Users/eunjoolee/.npm/cordova/4.3.0/package/package.json written
126 info retry fetch attempt 2 at 7:06:37 PM
127 info attempt registry request try #1 at 7:06:37 PM
128 http fetch GET https://github.com/katzer/cordova-plugin-email-composer.git@0.8.2
129 http fetch 404 https://github.com/katzer/cordova-plugin-email-composer.git@0.8.2
130 error fetch failed https://github.com/katzer/cordova-plugin-email-composer.git@0.8.2
131 warn retry will retry, error on last attempt: Error: fetch failed with status code 404
132 info retry fetch attempt 3 at 7:07:37 PM
133 info attempt registry request try #1 at 7:07:37 PM
134 http fetch GET https://github.com/katzer/cordova-plugin-email-composer.git@0.8.2
135 http fetch 404 https://github.com/katzer/cordova-plugin-email-composer.git@0.8.2
136 error fetch failed https://github.com/katzer/cordova-plugin-email-composer.git@0.8.2
137 verbose stack Error: fetch failed with status code 404
137 verbose stack     at Request.<anonymous> (/usr/local/lib/node_modules/npm/node_modules/npm-registry-client/lib/fetch.js:52:14)
137 verbose stack     at Request.emit (events.js:107:17)
137 verbose stack     at Request.onRequestResponse (/usr/local/lib/node_modules/npm/node_modules/request/request.js:1255:10)
137 verbose stack     at ClientRequest.emit (events.js:107:17)
137 verbose stack     at HTTPParser.parserOnIncomingClient [as onIncoming] (_http_client.js:419:21)
137 verbose stack     at HTTPParser.parserOnHeadersComplete (_http_common.js:111:23)
137 verbose stack     at TLSSocket.socketOnData (_http_client.js:310:20)
137 verbose stack     at TLSSocket.emit (events.js:107:17)
137 verbose stack     at readableAddChunk (_stream_readable.js:163:16)
137 verbose stack     at TLSSocket.Readable.push (_stream_readable.js:126:10)
138 verbose cwd /Users/eunjoolee/DevLeague/ionic-follow-up
139 error Darwin 13.4.0
140 error argv "node" "/usr/local/bin/npm" "install" "cordova" "plugin" "add" "https://github.com/katzer/cordova-plugin-email-composer.git@0.8.2"
141 error node v0.12.0
142 error npm  v2.3.0
143 error fetch failed with status code 404
144 error If you need help, you may report this error at:
144 error     <http://github.com/npm/npm/issues>
145 verbose exit [ 1, true ]
